Determining if the pthread_create exist failed with the following output:
Change Dir: /home/turner/Workspace/RMVIS3/stereo_recorder/CMakeFiles/CMakeTmp

Run Build Command:/usr/bin/make "cmTryCompileExec2459211764/fast"
/usr/bin/make -f CMakeFiles/cmTryCompileExec2459211764.dir/build.make CMakeFiles/cmTryCompileExec2459211764.dir/build
make[1]: Entering directory `/home/turner/Workspace/RMVIS3/stereo_recorder/CMakeFiles/CMakeTmp'
/usr/bin/cmake -E cmake_progress_report /home/turner/Workspace/RMVIS3/stereo_recorder/CMakeFiles/CMakeTmp/CMakeFiles 1
Building C object CMakeFiles/cmTryCompileExec2459211764.dir/CheckSymbolExists.c.o
/usr/bin/cc    -o CMakeFiles/cmTryCompileExec2459211764.dir/CheckSymbolExists.c.o   -c /home/turner/Workspace/RMVIS3/stereo_recorder/CMakeFiles/CMakeTmp/CheckSymbolExists.c
Linking C executable cmTryCompileExec2459211764
/usr/bin/cmake -E cmake_link_script CMakeFiles/cmTryCompileExec2459211764.dir/link.txt --verbose=1
/usr/bin/cc       CMakeFiles/cmTryCompileExec2459211764.dir/CheckSymbolExists.c.o  -o cmTryCompileExec2459211764 -rdynamic 
CMakeFiles/cmTryCompileExec2459211764.dir/CheckSymbolExists.c.o: In function `main':
CheckSymbolExists.c:(.text+0x16): undefined reference to `pthread_create'
collect2: error: ld returned 1 exit status
make[1]: *** [cmTryCompileExec2459211764] Error 1
make[1]: Leaving directory `/home/turner/Workspace/RMVIS3/stereo_recorder/CMakeFiles/CMakeTmp'
make: *** [cmTryCompileExec2459211764/fast] Error 2

File /home/turner/Workspace/RMVIS3/stereo_recorder/CMakeFiles/CMakeTmp/CheckSymbolExists.c:
/* */
#include <pthread.h>

int main(int argc, char** argv)
{
  (void)argv;
#ifndef pthread_create
  return ((int*)(&pthread_create))[argc];
#else
  (void)argc;
  return 0;
#endif
}

Determining if the function pthread_create exists in the pthreads failed with the following output:
Change Dir: /home/turner/Workspace/RMVIS3/stereo_recorder/CMakeFiles/CMakeTmp

Run Build Command:/usr/bin/make "cmTryCompileExec2719783024/fast"
/usr/bin/make -f CMakeFiles/cmTryCompileExec2719783024.dir/build.make CMakeFiles/cmTryCompileExec2719783024.dir/build
make[1]: Entering directory `/home/turner/Workspace/RMVIS3/stereo_recorder/CMakeFiles/CMakeTmp'
/usr/bin/cmake -E cmake_progress_report /home/turner/Workspace/RMVIS3/stereo_recorder/CMakeFiles/CMakeTmp/CMakeFiles 1
Building C object CMakeFiles/cmTryCompileExec2719783024.dir/CheckFunctionExists.c.o
/usr/bin/cc   -DCHECK_FUNCTION_EXISTS=pthread_create   -o CMakeFiles/cmTryCompileExec2719783024.dir/CheckFunctionExists.c.o   -c /usr/share/cmake-2.8/Modules/CheckFunctionExists.c
Linking C executable cmTryCompileExec2719783024
/usr/bin/cmake -E cmake_link_script CMakeFiles/cmTryCompileExec2719783024.dir/link.txt --verbose=1
/usr/bin/cc   -DCHECK_FUNCTION_EXISTS=pthread_create    CMakeFiles/cmTryCompileExec2719783024.dir/CheckFunctionExists.c.o  -o cmTryCompileExec2719783024 -rdynamic -lpthreads 
/usr/bin/ld: cannot find -lpthreads
collect2: error: ld returned 1 exit status
make[1]: *** [cmTryCompileExec2719783024] Error 1
make[1]: Leaving directory `/home/turner/Workspace/RMVIS3/stereo_recorder/CMakeFiles/CMakeTmp'
make: *** [cmTryCompileExec2719783024/fast] Error 2


